<?xml version="1.0" encoding="UTF-8"?>
<!-- Generated by org.testng.reporters.JUnitXMLReporter -->
<testsuite ignored="1" hostname="LTIN568852" failures="1" tests="2" name="Test" time="44.553" errors="0" timestamp="2025-07-12T11:41:09 IST">
  <testcase classname="com.cognizant.TS03ForEnterprise.TSForEnterpriseForm" name="tofillBusinessSalesForm" time="26.175"/>
  <testcase classname="com.cognizant.TS03ForEnterprise.TSForEnterpriseForm" name="tofillCollegeSupportForm" time="11.097">
    <failure type="org.openqa.selenium.NoSuchElementException" message="Cannot locate option with text: College
For documentation on this error, please visit: https://www.selenium.dev/documentation/webdriver/troubleshooting/errors#no-such-element-exception
Build info: version: &amp;apos;4.33.0&amp;apos;, revision: &amp;apos;2c6aaad03a&amp;apos;
System info: os.name: &amp;apos;Windows 11&amp;apos;, os.arch: &amp;apos;amd64&amp;apos;, os.version: &amp;apos;10.0&amp;apos;, java.version: &amp;apos;21&amp;apos;
Driver info: driver.version: unknown">
      <![CDATA[org.openqa.selenium.NoSuchElementException: Cannot locate option with text: College
For documentation on this error, please visit: https://www.selenium.dev/documentation/webdriver/troubleshooting/errors#no-such-element-exception
Build info: version: '4.33.0', revision: '2c6aaad03a'
System info: os.name: 'Windows 11', os.arch: 'amd64', os.version: '10.0', java.version: '21'
Driver info: driver.version: unknown
at org.openqa.selenium.support.ui.Select.selectByVisibleText(Select.java:167)
at com.cognizant.utilities.SelectUtils.selectFromVisibleText(SelectUtils.java:25)
at com.cognizant.element_repository.ForEnterprisePage.fillFormForCollege(ForEnterprisePage.java:258)
at com.cognizant.TS03ForEnterprise.TSForEnterpriseForm.tofillCollegeSupportForm(TSForEnterpriseForm.java:47)
at java.base/java.util.ArrayList.forEach(ArrayList.java:1596)
... Removed 25 stack frames]]>
    </failure>
  </testcase> <!-- tofillCollegeSupportForm -->
  <testcase classname="com.cognizant.base.Base_Test" name="@AfterSuite tearDown" time="0.0">
    <ignored/>
  </testcase> <!-- @AfterSuite tearDown -->
</testsuite> <!-- Test -->
